<?xml version="1.0" encoding="UTF-8"?>
<!-- Generated by org.testng.reporters.JUnitXMLReporter -->
<testsuite hostname="SL-CSETHI2" failures="1" tests="1" name="Validating nav title" time="15.897" errors="0" timestamp="10 Nov 2020 05:57:19 GMT">
  <testcase classname="Academy.validateTitle" name="validateTitle" time="0.175">
    <failure type="junit.framework.ComparisonFailure" message="expected:&amp;lt;...12&amp;gt; but was:&amp;lt;...&amp;gt;">
      <![CDATA[junit.framework.ComparisonFailure: expected:<...12> but was:<...>
	at junit.framework.Assert.assertEquals(Assert.java:81)
	at junit.framework.Assert.assertEquals(Assert.java:87)
	at Academy.validateTitle.validateTitle(validateTitle.java:40)
... Removed 24 stack frames]]>
    </failure>
  </testcase> <!-- validateTitle -->
</testsuite> <!-- Validating nav title -->
