<?xml version="1.0" encoding="UTF-8"?>
<!-- Generated by org.testng.reporters.JUnitXMLReporter -->
<testsuite hostname="SL-CSETHI2" failures="0" tests="3" name="Test" time="34.533" errors="0" timestamp="2 Nov 2020 15:55:33 GMT">
  <testcase classname="Academy.validateNavigationBar" name="validateNavBar" time="0.195"/>
  <testcase classname="Academy.HomePage" name="basePageNavigation" time="8.119"/>
  <testcase classname="Academy.HomePage" name="basePageNavigation" time="3.71"/>
</testsuite> <!-- Test -->
