<?xml version="1.0" encoding="UTF-8"?>
<testng-results total="3" passed="3" failed="0" skipped="0">
  <reporter-output>
  </reporter-output>
  <suite started-at="2020-11-02T15:54:58Z" name="Suite" finished-at="2020-11-02T15:55:33Z" duration-ms="34533">
    <groups>
    </groups>
    <test started-at="2020-11-02T15:54:58Z" name="Test" finished-at="2020-11-02T15:55:33Z" duration-ms="34533">
      <class name="Academy.HomePage">
        <test-method is-config="true" signature="initialize()[pri:0, instance:Academy.HomePage@5d0bf09b]" started-at="2020-11-02T21:24:58Z" name="initialize" finished-at="2020-11-02T21:25:06Z" duration-ms="8040" status="PASS">
          <reporter-output>
          </reporter-output>
        </test-method> <!-- initialize -->
        <test-method is-config="true" signature="initialize()[pri:0, instance:Academy.validateNavigationBar@53fe15ff]" started-at="2020-11-02T21:25:06Z" name="initialize" finished-at="2020-11-02T21:25:20Z" duration-ms="13646" status="PASS">
          <reporter-output>
          </reporter-output>
        </test-method> <!-- initialize -->
        <test-method signature="basePageNavigation(java.lang.String, java.lang.String, java.lang.String)[pri:0, instance:Academy.HomePage@5d0bf09b]" started-at="2020-11-02T21:25:20Z" name="basePageNavigation" data-provider="getData" finished-at="2020-11-02T21:25:28Z" duration-ms="8119" status="PASS">
          <params>
            <param index="0">
              <value>
                <![CDATA[nonrestrict@gmail.com]]>
              </value>
            </param>
            <param index="1">
              <value>
                <![CDATA[unpass]]>
              </value>
            </param>
            <param index="2">
              <value>
                <![CDATA[restricted]]>
              </value>
            </param>
          </params>
          <reporter-output>
          </reporter-output>
        </test-method> <!-- basePageNavigation -->
        <test-method signature="basePageNavigation(java.lang.String, java.lang.String, java.lang.String)[pri:0, instance:Academy.HomePage@5d0bf09b]" started-at="2020-11-02T21:25:28Z" name="basePageNavigation" data-provider="getData" finished-at="2020-11-02T21:25:32Z" duration-ms="3710" status="PASS">
          <params>
            <param index="0">
              <value>
                <![CDATA[abc@xyz.com]]>
              </value>
            </param>
            <param index="1">
              <value>
                <![CDATA[pass]]>
              </value>
            </param>
            <param index="2">
              <value>
                <![CDATA[not]]>
              </value>
            </param>
          </params>
          <reporter-output>
          </reporter-output>
        </test-method> <!-- basePageNavigation -->
        <test-method is-config="true" signature="tearDown()[pri:0, instance:Academy.HomePage@5d0bf09b]" started-at="2020-11-02T21:25:32Z" name="tearDown" finished-at="2020-11-02T21:25:33Z" duration-ms="409" status="PASS">
          <reporter-output>
          </reporter-output>
        </test-method> <!-- tearDown -->
        <test-method is-config="true" signature="tearDown()[pri:0, instance:Academy.validateNavigationBar@53fe15ff]" started-at="2020-11-02T21:25:33Z" name="tearDown" finished-at="2020-11-02T21:25:33Z" duration-ms="390" status="PASS">
          <reporter-output>
          </reporter-output>
        </test-method> <!-- tearDown -->
      </class> <!-- Academy.HomePage -->
      <class name="Academy.validateNavigationBar">
        <test-method signature="validateNavBar()[pri:0, instance:Academy.validateNavigationBar@53fe15ff]" started-at="2020-11-02T21:25:20Z" name="validateNavBar" finished-at="2020-11-02T21:25:20Z" duration-ms="195" status="PASS">
          <reporter-output>
          </reporter-output>
        </test-method> <!-- validateNavBar -->
      </class> <!-- Academy.validateNavigationBar -->
    </test> <!-- Test -->
  </suite> <!-- Suite -->
</testng-results>
