<?xml version="1.0" encoding="UTF-8"?>
<testng-results total="4" passed="3" failed="1" skipped="0">
  <reporter-output>
  </reporter-output>
  <suite started-at="2020-11-10T05:57:03Z" name="Suite" finished-at="2020-11-10T05:57:49Z" duration-ms="45318">
    <groups>
    </groups>
    <test started-at="2020-11-10T05:57:03Z" name="Validating nav title" finished-at="2020-11-10T05:57:19Z" duration-ms="15897">
      <class name="Academy.validateTitle">
        <test-method is-config="true" signature="initialize()[pri:0, instance:Academy.validateTitle@4795ded0]" started-at="2020-11-10T11:27:03Z" name="initialize" finished-at="2020-11-10T11:27:18Z" duration-ms="14726" status="PASS">
          <reporter-output>
          </reporter-output>
        </test-method> <!-- initialize -->
        <test-method signature="validateTitle()[pri:0, instance:Academy.validateTitle@4795ded0]" started-at="2020-11-10T11:27:18Z" name="validateTitle" finished-at="2020-11-10T11:27:18Z" duration-ms="175" status="FAIL">
          <exception class="junit.framework.ComparisonFailure">
            <message>
              <![CDATA[expected:<...12> but was:<...>]]>
            </message>
            <full-stacktrace>
              <![CDATA[junit.framework.ComparisonFailure: expected:<...12> but was:<...>
	at junit.framework.Assert.assertEquals(Assert.java:81)
	at junit.framework.Assert.assertEquals(Assert.java:87)
	at Academy.validateTitle.validateTitle(validateTitle.java:40)
	at java.base/jdk.internal.reflect.NativeMethodAccessorImpl.invoke0(Native Method)
	at java.base/jdk.internal.reflect.NativeMethodAccessorImpl.invoke(NativeMethodAccessorImpl.java:62)
	at java.base/jdk.internal.reflect.DelegatingMethodAccessorImpl.invoke(DelegatingMethodAccessorImpl.java:43)
	at java.base/java.lang.reflect.Method.invoke(Method.java:566)
	at org.testng.internal.MethodInvocationHelper.invokeMethod(MethodInvocationHelper.java:80)
	at org.testng.internal.Invoker.invokeMethod(Invoker.java:714)
	at org.testng.internal.Invoker.invokeTestMethod(Invoker.java:901)
	at org.testng.internal.Invoker.invokeTestMethods(Invoker.java:1231)
	at org.testng.internal.TestMethodWorker.invokeTestMethods(TestMethodWorker.java:127)
	at org.testng.internal.TestMethodWorker.run(TestMethodWorker.java:111)
	at org.testng.TestRunner.privateRun(TestRunner.java:767)
	at org.testng.TestRunner.run(TestRunner.java:617)
	at org.testng.SuiteRunner.runTest(SuiteRunner.java:334)
	at org.testng.SuiteRunner.runSequentially(SuiteRunner.java:329)
	at org.testng.SuiteRunner.privateRun(SuiteRunner.java:291)
	at org.testng.SuiteRunner.run(SuiteRunner.java:240)
	at org.testng.SuiteRunnerWorker.runSuite(SuiteRunnerWorker.java:52)
	at org.testng.SuiteRunnerWorker.run(SuiteRunnerWorker.java:86)
	at org.testng.TestNG.runSuitesSequentially(TestNG.java:1198)
	at org.testng.TestNG.runSuitesLocally(TestNG.java:1123)
	at org.testng.TestNG.run(TestNG.java:1031)
	at org.testng.remote.AbstractRemoteTestNG.run(AbstractRemoteTestNG.java:115)
	at org.testng.remote.RemoteTestNG.initAndRun(RemoteTestNG.java:251)
	at org.testng.remote.RemoteTestNG.main(RemoteTestNG.java:77)
]]>
            </full-stacktrace>
          </exception> <!-- junit.framework.ComparisonFailure -->
          <reporter-output>
          </reporter-output>
        </test-method> <!-- validateTitle -->
        <test-method is-config="true" signature="tearDown()[pri:0, instance:Academy.validateTitle@4795ded0]" started-at="2020-11-10T11:27:19Z" name="tearDown" finished-at="2020-11-10T11:27:19Z" duration-ms="277" status="PASS">
          <reporter-output>
          </reporter-output>
        </test-method> <!-- tearDown -->
      </class> <!-- Academy.validateTitle -->
    </test> <!-- Validating nav title -->
    <test started-at="2020-11-10T05:57:20Z" name="Validating nav Bar" finished-at="2020-11-10T05:57:34Z" duration-ms="14602">
      <class name="Academy.validateNavigationBar">
        <test-method is-config="true" signature="initialize()[pri:0, instance:Academy.validateNavigationBar@2a2c13a8]" started-at="2020-11-10T11:27:20Z" name="initialize" finished-at="2020-11-10T11:27:30Z" duration-ms="10330" status="PASS">
          <reporter-output>
          </reporter-output>
        </test-method> <!-- initialize -->
        <test-method signature="validateNavBar()[pri:0, instance:Academy.validateNavigationBar@2a2c13a8]" started-at="2020-11-10T11:27:30Z" name="validateNavBar" finished-at="2020-11-10T11:27:30Z" duration-ms="82" status="PASS">
          <reporter-output>
          </reporter-output>
        </test-method> <!-- validateNavBar -->
        <test-method is-config="true" signature="tearDown()[pri:0, instance:Academy.validateNavigationBar@2a2c13a8]" started-at="2020-11-10T11:27:30Z" name="tearDown" finished-at="2020-11-10T11:27:34Z" duration-ms="4188" status="PASS">
          <reporter-output>
          </reporter-output>
        </test-method> <!-- tearDown -->
      </class> <!-- Academy.validateNavigationBar -->
    </test> <!-- Validating nav Bar -->
    <test started-at="2020-11-10T05:57:34Z" name="App testing" finished-at="2020-11-10T05:57:49Z" duration-ms="14088">
      <class name="Academy.HomePage">
        <test-method is-config="true" signature="initialize()[pri:0, instance:Academy.HomePage@476b0ae6]" started-at="2020-11-10T11:27:34Z" name="initialize" finished-at="2020-11-10T11:27:40Z" duration-ms="5766" status="PASS">
          <reporter-output>
          </reporter-output>
        </test-method> <!-- initialize -->
        <test-method signature="basePageNavigation(java.lang.String, java.lang.String, java.lang.String)[pri:0, instance:Academy.HomePage@476b0ae6]" started-at="2020-11-10T11:27:40Z" name="basePageNavigation" data-provider="getData" finished-at="2020-11-10T11:27:46Z" duration-ms="5584" status="PASS">
          <params>
            <param index="0">
              <value>
                <![CDATA[nonrestrict@gmail.com]]>
              </value>
            </param>
            <param index="1">
              <value>
                <![CDATA[unpass]]>
              </value>
            </param>
            <param index="2">
              <value>
                <![CDATA[restricted]]>
              </value>
            </param>
          </params>
          <reporter-output>
          </reporter-output>
        </test-method> <!-- basePageNavigation -->
        <test-method signature="basePageNavigation(java.lang.String, java.lang.String, java.lang.String)[pri:0, instance:Academy.HomePage@476b0ae6]" started-at="2020-11-10T11:27:46Z" name="basePageNavigation" data-provider="getData" finished-at="2020-11-10T11:27:48Z" duration-ms="2482" status="PASS">
          <params>
            <param index="0">
              <value>
                <![CDATA[abc@xyz.com]]>
              </value>
            </param>
            <param index="1">
              <value>
                <![CDATA[pass]]>
              </value>
            </param>
            <param index="2">
              <value>
                <![CDATA[not]]>
              </value>
            </param>
          </params>
          <reporter-output>
          </reporter-output>
        </test-method> <!-- basePageNavigation -->
        <test-method is-config="true" signature="tearDown()[pri:0, instance:Academy.HomePage@476b0ae6]" started-at="2020-11-10T11:27:48Z" name="tearDown" finished-at="2020-11-10T11:27:49Z" duration-ms="248" status="PASS">
          <reporter-output>
          </reporter-output>
        </test-method> <!-- tearDown -->
      </class> <!-- Academy.HomePage -->
    </test> <!-- App testing -->
  </suite> <!-- Suite -->
</testng-results>
